<?xml version="1.0" encoding="UTF-8"?>
<!-- Generated by org.testng.reporters.JUnitXMLReporter -->
<testsuite hostname="aspire984" name="com.projectname.test.functional.trainingsystem.*" tests="1" failures="1" timestamp="11 Dec 2014 13:19:55 GMT" time="33.844" errors="0">
  <testcase name="verifyTrainingSystem" time="22.227" classname="com.projectname.test.functional.trainingsystem.verifyTrainingSystemPage">
    <failure type="org.openqa.selenium.NoSuchWindowException" message="Unable to locate window &amp;quot;java.util.LinkedHashMap$KeyIterator@130478f&amp;quot;
Command duration or timeout: 2.01 seconds
Build info: version: &amp;apos;2.33.0&amp;apos;, revision: &amp;apos;4ecaf82108b2a6cc6f006aae81961236eba93358&amp;apos;, time: &amp;apos;2013-05-22 12:00:17&amp;apos;
System info: os.name: &amp;apos;Windows 7&amp;apos;, os.arch: &amp;apos;x86&amp;apos;, os.version: &amp;apos;6.1&amp;apos;, java.version: &amp;apos;1.7.0_13&amp;apos;
Session ID: 153eca9e-9857-4e91-87ba-0dbc67382d76
Driver info: org.openqa.selenium.firefox.FirefoxDriver
Capabilities [{platform=XP, databaseEnabled=true, cssSelectorsEnabled=true, javascriptEnabled=true, acceptSslCerts=true, handlesAlerts=true, browserName=firefox, browserConnectionEnabled=true, nativeEvents=true, webStorageEnabled=true, rotatable=false, locationContextEnabled=true, applicationCacheEnabled=true, takesScreenshot=true, version=17.0}]">
      <![CDATA[org.openqa.selenium.NoSuchWindowException: Unable to locate window "java.util.LinkedHashMap$KeyIterator@130478f"
Command duration or timeout: 2.01 seconds
Build info: version: '2.33.0', revision: '4ecaf82108b2a6cc6f006aae81961236eba93358', time: '2013-05-22 12:00:17'
System info: os.name: 'Windows 7', os.arch: 'x86', os.version: '6.1', java.version: '1.7.0_13'
Session ID: 153eca9e-9857-4e91-87ba-0dbc67382d76
Driver info: org.openqa.selenium.firefox.FirefoxDriver
Capabilities [{platform=XP, databaseEnabled=true, cssSelectorsEnabled=true, javascriptEnabled=true, acceptSslCerts=true, handlesAlerts=true, browserName=firefox, browserConnectionEnabled=true, nativeEvents=true, webStorageEnabled=true, rotatable=false, locationContextEnabled=true, applicationCacheEnabled=true, takesScreenshot=true, version=17.0}]
	at org.openqa.selenium.remote.ErrorHandler.createThrowable(ErrorHandler.java:191)
	at org.openqa.selenium.remote.ErrorHandler.throwIfResponseFailed(ErrorHandler.java:145)
	at org.openqa.selenium.remote.RemoteWebDriver.execute(RemoteWebDriver.java:554)
	at org.openqa.selenium.remote.RemoteWebDriver$RemoteTargetLocator.window(RemoteWebDriver.java:831)
	at com.projectname.testutils.pages.IntranetHomePage.clickTrainingSystemLink(IntranetHomePage.java:50)
	at com.projectname.test.functional.trainingsystem.verifyTrainingSystemPage.verifyTrainingSystem(verifyTrainingSystemPage.java:59)
Caused by: org.openqa.selenium.remote.ErrorHandler$UnknownServerException: Unable to locate window "java.util.LinkedHashMap$KeyIterator@130478f"
Build info: version: '2.33.0', revision: '4ecaf82108b2a6cc6f006aae81961236eba93358', time: '2013-05-22 12:00:17'
System info: os.name: 'Windows 7', os.arch: 'x86', os.version: '6.1', java.version: '1.7.0_13'
Driver info: driver.version: unknown
	at <anonymous class>.nsCommandProcessor.switchToWindow(file:///C:/Users/PRIYA~1.MAR/AppData/Local/Temp/anonymous5984294845225777650webdriver-profile/extensions/fxdriver@googlecode.com/components/command_processor.js:10545)
	at <anonymous class>.nsCommandProcessor.switchToWindow/<(file:///C:/Users/PRIYA~1.MAR/AppData/Local/Temp/anonymous5984294845225777650webdriver-profile/extensions/fxdriver@googlecode.com/components/command_processor.js:10549)
... Removed 28 stack frames]]>
    </failure>
  </testcase> <!-- verifyTrainingSystem -->
</testsuite> <!-- com.projectname.test.functional.trainingsystem.* -->
