<?xml version="1.0" encoding="UTF-8"?>
<testsuite name="com.projectname.test.functional.modulename1.HomePageTest"
           tests="1"
           failures="1"
           errors="0"
           skipped="0"
           time="10.110">
  <properties />
      <testcase name="homePageTest" time="10.110">
            <failure type="org.openqa.selenium.WebDriverException"
                  message="Could not take screenshot of current page - TypeError: c is null
Command duration or timeout: 9.70 seconds
Build info: version: &apos;2.33.0&apos;, revision: &apos;4ecaf82108b2a6cc6f006aae81961236eba93358&apos;, time: &apos;2013-05-22 12:00:17&apos;
System info: os.name: &apos;Windows 7&apos;, os.arch: &apos;x86&apos;, os.version: &apos;6.1&apos;, java.version: &apos;1.7.0_13&apos;
Session ID: 76523388-a53f-45b9-9774-d60dec295f8f
Driver info: org.openqa.selenium.firefox.FirefoxDriver
Capabilities [{platform=XP, databaseEnabled=true, cssSelectorsEnabled=true, javascriptEnabled=true, acceptSslCerts=true, handlesAlerts=true, browserName=firefox, browserConnectionEnabled=true, nativeEvents=true, webStorageEnabled=true, rotatable=false, locationContextEnabled=true, applicationCacheEnabled=true, takesScreenshot=true, version=17.0}]"
              >
<![CDATA[org.openqa.selenium.WebDriverException: Could not take screenshot of current page - TypeError: c is null
Command duration or timeout: 9.70 seconds
Build info: version: '2.33.0', revision: '4ecaf82108b2a6cc6f006aae81961236eba93358', time: '2013-05-22 12:00:17'
System info: os.name: 'Windows 7', os.arch: 'x86', os.version: '6.1', java.version: '1.7.0_13'
Session ID: 76523388-a53f-45b9-9774-d60dec295f8f
Driver info: org.openqa.selenium.firefox.FirefoxDriver
Capabilities [{platform=XP, databaseEnabled=true, cssSelectorsEnabled=true, javascriptEnabled=true, acceptSslCerts=true, handlesAlerts=true, browserName=firefox, browserConnectionEnabled=true, nativeEvents=true, webStorageEnabled=true, rotatable=false, locationContextEnabled=true, applicationCacheEnabled=true, takesScreenshot=true, version=17.0}]
  sun.reflect.NativeConstructorAccessorImpl.newInstance0(Native Method)
  sun.reflect.NativeConstructorAccessorImpl.newInstance(Unknown Source)
  sun.reflect.DelegatingConstructorAccessorImpl.newInstance(Unknown Source)
  java.lang.reflect.Constructor.newInstance(Unknown Source)
  org.openqa.selenium.remote.ErrorHandler.createThrowable(ErrorHandler.java:191)
  org.openqa.selenium.remote.ErrorHandler.throwIfResponseFailed(ErrorHandler.java:145)
  org.openqa.selenium.remote.RemoteWebDriver.execute(RemoteWebDriver.java:554)
  org.openqa.selenium.remote.RemoteWebDriver.execute(RemoteWebDriver.java:569)
  org.openqa.selenium.firefox.FirefoxDriver.getScreenshotAs(FirefoxDriver.java:316)
  com.projectname.testutils.genericutility.ExceptionHandler.takeScreenshot(ExceptionHandler.java:56)
  com.projectname.testutils.genericutility.ExceptionHandler.<init>(ExceptionHandler.java:50)
  com.projectname.testutils.seleniumutils.SeleniumWebDriver.isElementPresent(SeleniumWebDriver.java:83)
  com.projectname.testutils.pages.LoginPage.<init>(LoginPage.java:25)
  com.projectname.test.functional.modulename1.HomePageTest.homePageTest(HomePageTest.java:40)
  sun.reflect.NativeMethodAccessorImpl.invoke0(Native Method)
  sun.reflect.NativeMethodAccessorImpl.invoke(Unknown Source)
  sun.reflect.DelegatingMethodAccessorImpl.invoke(Unknown Source)
  java.lang.reflect.Method.invoke(Unknown Source)
  org.testng.internal.MethodInvocationHelper.invokeMethod(MethodInvocationHelper.java:84)
  org.testng.internal.Invoker.invokeMethod(Invoker.java:714)
  org.testng.internal.Invoker.invokeTestMethod(Invoker.java:901)
  org.testng.internal.Invoker.invokeTestMethods(Invoker.java:1231)
  org.testng.internal.TestMethodWorker.invokeTestMethods(TestMethodWorker.java:127)
  org.testng.internal.TestMethodWorker.run(TestMethodWorker.java:111)
  java.util.concurrent.ThreadPoolExecutor.runWorker(Unknown Source)
  java.util.concurrent.ThreadPoolExecutor$Worker.run(Unknown Source)
  java.lang.Thread.run(Unknown Source)
Caused by: org.openqa.selenium.remote.ErrorHandler$UnknownServerException: Could not take screenshot of current page - TypeError: c is null
Build info: version: '2.33.0', revision: '4ecaf82108b2a6cc6f006aae81961236eba93358', time: '2013-05-22 12:00:17'
System info: os.name: 'Windows 7', os.arch: 'x86', os.version: '6.1', java.version: '1.7.0_13'
Driver info: driver.version: unknown
  <anonymous class>.FirefoxDriver.screenshot(file:///C:/Users/PRIYA~1.MAR/AppData/Local/Temp/anonymous5603086132894051406webdriver-profile/extensions/fxdriver@googlecode.com/components/driver_component.js:8645)
  <anonymous class>.DelayedCommand.executeInternal_/h(file:///C:/Users/PRIYA~1.MAR/AppData/Local/Temp/anonymous5603086132894051406webdriver-profile/extensions/fxdriver@googlecode.com/components/command_processor.js:10456)
  <anonymous class>.DelayedCommand.executeInternal_(file:///C:/Users/PRIYA~1.MAR/AppData/Local/Temp/anonymous5603086132894051406webdriver-profile/extensions/fxdriver@googlecode.com/components/command_processor.js:10461)
  <anonymous class>.DelayedCommand.execute/<(file:///C:/Users/PRIYA~1.MAR/AppData/Local/Temp/anonymous5603086132894051406webdriver-profile/extensions/fxdriver@googlecode.com/components/command_processor.js:10401)
]]>
      </failure>

          </testcase>
  

  

  

</testsuite>
