<?xml version="1.0" encoding="UTF-8"?>
<testsuite name="com.projectname.test.functional.trainingsystem.verifyTrainingSystemPage"
           tests="3"
           failures="2"
           errors="0"
           skipped="1"
           time="17.317">
  <properties />
      <testcase name="genericSetUp" time="0.000">
            <failure type="org.openqa.selenium.WebDriverException"
                  message="Failed to connect to binary FirefoxBinary(C:\Program Files (x86)\Mozilla Firefox\firefox.exe) on port 7059; process output follows: 
*** LOG addons.manager: Application has been upgraded
*** LOG addons.xpi: startup
*** LOG addons.xpi: Skipping unavailable install location app-system-local
*** LOG addons.xpi: Skipping unavailable install location app-system-share
*** LOG addons.xpi: Ignoring file entry whose name is not a valid add-on ID: C:\Users\PRIYA~1.MAR\AppData\Local\Temp\anonymous898091422978958949webdriver-profile\extensions\webdriver-staging
*** LOG addons.xpi: checkForChanges
*** LOG addons.xpi-utils: Opening database
*** LOG addons.xpi-utils: Creating database schema
*** LOG addons.xpi: New add-on fxdriver@googlecode.com installed in app-profile
*** Blocklist::_loadBlocklistFromFile: blocklist is disabled
*** LOG addons.xpi: New add-on {972ce4c6-7e08-4474-a285-3208198ce6fd} installed in app-global
*** LOG addons.xpi: New add-on MintCastNetworks@MintCastNetworks.com installed in winreg-app-global
*** LOG addons.xpi: New add-on unfriendstatus@unfriendstatus.com installed in winreg-app-global
*** LOG addons.xpi: New add-on {D19CA586-DD6C-4a0a-96F8-14644F340D60} installed in winreg-app-global
*** LOG addons.xpi: Updating database with changes to installed add-ons
*** LOG addons.xpi-utils: Updating add-on states
*** LOG addons.xpi-utils: Writing add-ons list
*** LOG addons.manager: shutdown
*** LOG addons.xpi: shutdown
*** LOG addons.xpi-utils: shutdown
*** LOG addons.xpi-utils: Database closed
*** LOG addons.xpi: startup
*** LOG addons.xpi: Skipping unavailable install location app-system-local
*** LOG addons.xpi: Skipping unavailable install location app-system-share
*** LOG addons.xpi: Ignoring file entry whose name is not a valid add-on ID: C:\Users\PRIYA~1.MAR\AppData\Local\Temp\anonymous898091422978958949webdriver-profile\extensions\webdriver-staging
*** LOG addons.xpi: checkForChanges
*** LOG addons.xpi: No changes found
*** Blocklist::_loadBlocklistFromFile: blocklist is disabled

Build info: version: &apos;2.33.0&apos;, revision: &apos;4ecaf82108b2a6cc6f006aae81961236eba93358&apos;, time: &apos;2013-05-22 12:00:17&apos;
System info: os.name: &apos;Windows 7&apos;, os.arch: &apos;x86&apos;, os.version: &apos;6.1&apos;, java.version: &apos;1.7.0_13&apos;
Driver info: driver.version: FirefoxDriver"
              >
<![CDATA[org.openqa.selenium.WebDriverException: Failed to connect to binary FirefoxBinary(C:\Program Files (x86)\Mozilla Firefox\firefox.exe) on port 7059; process output follows: 
*** LOG addons.manager: Application has been upgraded
*** LOG addons.xpi: startup
*** LOG addons.xpi: Skipping unavailable install location app-system-local
*** LOG addons.xpi: Skipping unavailable install location app-system-share
*** LOG addons.xpi: Ignoring file entry whose name is not a valid add-on ID: C:\Users\PRIYA~1.MAR\AppData\Local\Temp\anonymous898091422978958949webdriver-profile\extensions\webdriver-staging
*** LOG addons.xpi: checkForChanges
*** LOG addons.xpi-utils: Opening database
*** LOG addons.xpi-utils: Creating database schema
*** LOG addons.xpi: New add-on fxdriver@googlecode.com installed in app-profile
*** Blocklist::_loadBlocklistFromFile: blocklist is disabled
*** LOG addons.xpi: New add-on {972ce4c6-7e08-4474-a285-3208198ce6fd} installed in app-global
*** LOG addons.xpi: New add-on MintCastNetworks@MintCastNetworks.com installed in winreg-app-global
*** LOG addons.xpi: New add-on unfriendstatus@unfriendstatus.com installed in winreg-app-global
*** LOG addons.xpi: New add-on {D19CA586-DD6C-4a0a-96F8-14644F340D60} installed in winreg-app-global
*** LOG addons.xpi: Updating database with changes to installed add-ons
*** LOG addons.xpi-utils: Updating add-on states
*** LOG addons.xpi-utils: Writing add-ons list
*** LOG addons.manager: shutdown
*** LOG addons.xpi: shutdown
*** LOG addons.xpi-utils: shutdown
*** LOG addons.xpi-utils: Database closed
*** LOG addons.xpi: startup
*** LOG addons.xpi: Skipping unavailable install location app-system-local
*** LOG addons.xpi: Skipping unavailable install location app-system-share
*** LOG addons.xpi: Ignoring file entry whose name is not a valid add-on ID: C:\Users\PRIYA~1.MAR\AppData\Local\Temp\anonymous898091422978958949webdriver-profile\extensions\webdriver-staging
*** LOG addons.xpi: checkForChanges
*** LOG addons.xpi: No changes found
*** Blocklist::_loadBlocklistFromFile: blocklist is disabled

Build info: version: '2.33.0', revision: '4ecaf82108b2a6cc6f006aae81961236eba93358', time: '2013-05-22 12:00:17'
System info: os.name: 'Windows 7', os.arch: 'x86', os.version: '6.1', java.version: '1.7.0_13'
Driver info: driver.version: FirefoxDriver
  org.openqa.selenium.firefox.internal.NewProfileExtensionConnection.start(NewProfileExtensionConnection.java:118)
  org.openqa.selenium.firefox.FirefoxDriver.startClient(FirefoxDriver.java:244)
  org.openqa.selenium.remote.RemoteWebDriver.<init>(RemoteWebDriver.java:110)
  org.openqa.selenium.firefox.FirefoxDriver.<init>(FirefoxDriver.java:188)
  org.openqa.selenium.firefox.FirefoxDriver.<init>(FirefoxDriver.java:183)
  org.openqa.selenium.firefox.FirefoxDriver.<init>(FirefoxDriver.java:179)
  org.openqa.selenium.firefox.FirefoxDriver.<init>(FirefoxDriver.java:92)
  com.projectname.testutils.baseclass.TestBaseClass.getWebDriver(TestBaseClass.java:223)
  com.projectname.testutils.baseclass.TestBaseClass.loadURL(TestBaseClass.java:202)
  com.projectname.testutils.baseclass.TestBaseClass.genericSetUp(TestBaseClass.java:166)
  sun.reflect.NativeMethodAccessorImpl.invoke0(Native Method)
  sun.reflect.NativeMethodAccessorImpl.invoke(Unknown Source)
  sun.reflect.DelegatingMethodAccessorImpl.invoke(Unknown Source)
  java.lang.reflect.Method.invoke(Unknown Source)
  org.testng.internal.MethodInvocationHelper.invokeMethod(MethodInvocationHelper.java:84)
  org.testng.internal.Invoker.invokeConfigurationMethod(Invoker.java:564)
  org.testng.internal.Invoker.invokeConfigurations(Invoker.java:213)
  org.testng.internal.Invoker.invokeMethod(Invoker.java:653)
  org.testng.internal.Invoker.retryFailed(Invoker.java:1049)
  org.testng.internal.Invoker.invokeTestMethods(Invoker.java:1254)
  org.testng.internal.TestMethodWorker.invokeTestMethods(TestMethodWorker.java:127)
  org.testng.internal.TestMethodWorker.run(TestMethodWorker.java:111)
  java.util.concurrent.ThreadPoolExecutor.runWorker(Unknown Source)
  java.util.concurrent.ThreadPoolExecutor$Worker.run(Unknown Source)
  java.lang.Thread.run(Unknown Source)
Caused by: org.openqa.selenium.firefox.NotConnectedException: Unable to connect to host 127.0.0.1 on port 7059 after 45000 ms. Firefox console output:
*** LOG addons.manager: Application has been upgraded
*** LOG addons.xpi: startup
*** LOG addons.xpi: Skipping unavailable install location app-system-local
*** LOG addons.xpi: Skipping unavailable install location app-system-share
*** LOG addons.xpi: Ignoring file entry whose name is not a valid add-on ID: C:\Users\PRIYA~1.MAR\AppData\Local\Temp\anonymous898091422978958949webdriver-profile\extensions\webdriver-staging
*** LOG addons.xpi: checkForChanges
*** LOG addons.xpi-utils: Opening database
*** LOG addons.xpi-utils: Creating database schema
*** LOG addons.xpi: New add-on fxdriver@googlecode.com installed in app-profile
*** Blocklist::_loadBlocklistFromFile: blocklist is disabled
*** LOG addons.xpi: New add-on {972ce4c6-7e08-4474-a285-3208198ce6fd} installed in app-global
*** LOG addons.xpi: New add-on MintCastNetworks@MintCastNetworks.com installed in winreg-app-global
*** LOG addons.xpi: New add-on unfriendstatus@unfriendstatus.com installed in winreg-app-global
*** LOG addons.xpi: New add-on {D19CA586-DD6C-4a0a-96F8-14644F340D60} installed in winreg-app-global
*** LOG addons.xpi: Updating database with changes to installed add-ons
*** LOG addons.xpi-utils: Updating add-on states
*** LOG addons.xpi-utils: Writing add-ons list
*** LOG addons.manager: shutdown
*** LOG addons.xpi: shutdown
*** LOG addons.xpi-utils: shutdown
*** LOG addons.xpi-utils: Database closed
*** LOG addons.xpi: startup
*** LOG addons.xpi: Skipping unavailable install location app-system-local
*** LOG addons.xpi: Skipping unavailable install location app-system-share
*** LOG addons.xpi: Ignoring file entry whose name is not a valid add-on ID: C:\Users\PRIYA~1.MAR\AppData\Local\Temp\anonymous898091422978958949webdriver-profile\extensions\webdriver-staging
*** LOG addons.xpi: checkForChanges
*** LOG addons.xpi: No changes found
*** Blocklist::_loadBlocklistFromFile: blocklist is disabled

  org.openqa.selenium.firefox.internal.NewProfileExtensionConnection.start(NewProfileExtensionConnection.java:106)
  org.openqa.selenium.firefox.FirefoxDriver.startClient(FirefoxDriver.java:244)
  org.openqa.selenium.remote.RemoteWebDriver.<init>(RemoteWebDriver.java:110)
  org.openqa.selenium.firefox.FirefoxDriver.<init>(FirefoxDriver.java:188)
  org.openqa.selenium.firefox.FirefoxDriver.<init>(FirefoxDriver.java:183)
  org.openqa.selenium.firefox.FirefoxDriver.<init>(FirefoxDriver.java:179)
  org.openqa.selenium.firefox.FirefoxDriver.<init>(FirefoxDriver.java:92)
  com.projectname.testutils.baseclass.TestBaseClass.getWebDriver(TestBaseClass.java:223)
  com.projectname.testutils.baseclass.TestBaseClass.loadURL(TestBaseClass.java:202)
  com.projectname.testutils.baseclass.TestBaseClass.genericSetUp(TestBaseClass.java:166)
  sun.reflect.NativeMethodAccessorImpl.invoke0(Native Method)
  sun.reflect.NativeMethodAccessorImpl.invoke(Unknown Source)
  sun.reflect.DelegatingMethodAccessorImpl.invoke(Unknown Source)
  java.lang.reflect.Method.invoke(Unknown Source)
  org.testng.internal.MethodInvocationHelper.invokeMethod(MethodInvocationHelper.java:84)
  org.testng.internal.Invoker.invokeConfigurationMethod(Invoker.java:564)
  org.testng.internal.Invoker.invokeConfigurations(Invoker.java:213)
  org.testng.internal.Invoker.invokeMethod(Invoker.java:653)
  org.testng.internal.Invoker.retryFailed(Invoker.java:1049)
  org.testng.internal.Invoker.invokeTestMethods(Invoker.java:1254)
  org.testng.internal.TestMethodWorker.invokeTestMethods(TestMethodWorker.java:127)
  org.testng.internal.TestMethodWorker.run(TestMethodWorker.java:111)
  java.util.concurrent.ThreadPoolExecutor.runWorker(Unknown Source)
  java.util.concurrent.ThreadPoolExecutor$Worker.run(Unknown Source)
  java.lang.Thread.run(Unknown Source)
]]>
      </failure>

          </testcase>
      <testcase name="verifyTrainingSystem" time="17.316">
            <failure type="java.lang.AssertionError"
                  message="Unable to locate element: {&quot;method&quot;:&quot;link text&quot;,&quot;selector&quot;:&quot;IDM/PMS&quot;}
Command duration or timeout: 3.79 seconds
For documentation on this error, please visit: http://seleniumhq.org/exceptions/no_such_element.html
Build info: version: &apos;2.33.0&apos;, revision: &apos;4ecaf82108b2a6cc6f006aae81961236eba93358&apos;, time: &apos;2013-05-22 12:00:17&apos;
System info: os.name: &apos;Windows 7&apos;, os.arch: &apos;x86&apos;, os.version: &apos;6.1&apos;, java.version: &apos;1.7.0_13&apos;
Session ID: e93c74df-fd59-4360-ada0-6da5a9d4794b
Driver info: org.openqa.selenium.firefox.FirefoxDriver
Capabilities [{platform=XP, databaseEnabled=true, cssSelectorsEnabled=true, javascriptEnabled=true, acceptSslCerts=true, handlesAlerts=true, browserName=firefox, browserConnectionEnabled=true, nativeEvents=true, webStorageEnabled=true, rotatable=false, locationContextEnabled=true, applicationCacheEnabled=true, takesScreenshot=true, version=17.0}]"
              >
<![CDATA[java.lang.AssertionError: Unable to locate element: {"method":"link text","selector":"IDM/PMS"}
Command duration or timeout: 3.79 seconds
For documentation on this error, please visit: http://seleniumhq.org/exceptions/no_such_element.html
Build info: version: '2.33.0', revision: '4ecaf82108b2a6cc6f006aae81961236eba93358', time: '2013-05-22 12:00:17'
System info: os.name: 'Windows 7', os.arch: 'x86', os.version: '6.1', java.version: '1.7.0_13'
Session ID: e93c74df-fd59-4360-ada0-6da5a9d4794b
Driver info: org.openqa.selenium.firefox.FirefoxDriver
Capabilities [{platform=XP, databaseEnabled=true, cssSelectorsEnabled=true, javascriptEnabled=true, acceptSslCerts=true, handlesAlerts=true, browserName=firefox, browserConnectionEnabled=true, nativeEvents=true, webStorageEnabled=true, rotatable=false, locationContextEnabled=true, applicationCacheEnabled=true, takesScreenshot=true, version=17.0}]
  org.junit.Assert.fail(Assert.java:93)
  com.projectname.testutils.genericutility.ExceptionHandler.takeScreenshot(ExceptionHandler.java:74)
  com.projectname.testutils.genericutility.ExceptionHandler.<init>(ExceptionHandler.java:50)
  com.projectname.testutils.seleniumutils.SeleniumWebDriver.isElementPresent(SeleniumWebDriver.java:83)
  com.projectname.testutils.pages.IntranetHomePage.<init>(IntranetHomePage.java:29)
  com.projectname.testutils.pages.LoginPage.login(LoginPage.java:36)
  com.projectname.test.functional.trainingsystem.verifyTrainingSystemPage.verifyTrainingSystem(verifyTrainingSystemPage.java:51)
  sun.reflect.NativeMethodAccessorImpl.invoke0(Native Method)
  sun.reflect.NativeMethodAccessorImpl.invoke(Unknown Source)
  sun.reflect.DelegatingMethodAccessorImpl.invoke(Unknown Source)
  java.lang.reflect.Method.invoke(Unknown Source)
  org.testng.internal.MethodInvocationHelper.invokeMethod(MethodInvocationHelper.java:84)
  org.testng.internal.Invoker.invokeMethod(Invoker.java:714)
  org.testng.internal.Invoker.invokeTestMethod(Invoker.java:901)
  org.testng.internal.Invoker.invokeTestMethods(Invoker.java:1231)
  org.testng.internal.TestMethodWorker.invokeTestMethods(TestMethodWorker.java:127)
  org.testng.internal.TestMethodWorker.run(TestMethodWorker.java:111)
  java.util.concurrent.ThreadPoolExecutor.runWorker(Unknown Source)
  java.util.concurrent.ThreadPoolExecutor$Worker.run(Unknown Source)
  java.lang.Thread.run(Unknown Source)
]]>
      </failure>

          </testcase>
  

      <testcase name="verifyTrainingSystem" time="0.0">
      <skipped />
    </testcase>
  

  

</testsuite>
