<?xml version="1.0" encoding="UTF-8"?>
<testsuite name="com.projectname.test.functional.modulename2.SearchByName"
           tests="1"
           failures="1"
           errors="0"
           skipped="0"
           time="6.385">
  <properties />
      <testcase name="searchbyname" time="6.385">
            <failure type="java.lang.NullPointerException"
                  message="(null)"
              >
<![CDATA[java.lang.NullPointerException
  com.projectname.testutils.genericutility.ExceptionHandler.<init>(ExceptionHandler.java:31)
  com.projectname.testutils.seleniumutils.SeleniumWebDriver.waitForPageToLoad(SeleniumWebDriver.java:301)
  com.projectname.testutils.pages.LoginPage.login(LoginPage.java:30)
  com.projectname.test.functional.modulename2.SearchByName.searchbyname(SearchByName.java:50)
  sun.reflect.NativeMethodAccessorImpl.invoke0(Native Method)
  sun.reflect.NativeMethodAccessorImpl.invoke(Unknown Source)
  sun.reflect.DelegatingMethodAccessorImpl.invoke(Unknown Source)
  java.lang.reflect.Method.invoke(Unknown Source)
  org.testng.internal.MethodInvocationHelper.invokeMethod(MethodInvocationHelper.java:84)
  org.testng.internal.Invoker.invokeMethod(Invoker.java:714)
  org.testng.internal.Invoker.invokeTestMethod(Invoker.java:901)
  org.testng.internal.Invoker.invokeTestMethods(Invoker.java:1231)
  org.testng.internal.TestMethodWorker.invokeTestMethods(TestMethodWorker.java:127)
  org.testng.internal.TestMethodWorker.run(TestMethodWorker.java:111)
  java.util.concurrent.ThreadPoolExecutor.runWorker(Unknown Source)
  java.util.concurrent.ThreadPoolExecutor$Worker.run(Unknown Source)
  java.lang.Thread.run(Unknown Source)
]]>
      </failure>

          </testcase>
  

  

  

</testsuite>
